app/(public)/courses/[slug]/page.tsx(43,13): error TS2561: Object literal may only specify known properties, but 'chapters' does not exist in type 'CourseInclude<DefaultArgs>'. Did you mean to write 'chapter'?
app/(public)/courses/[slug]/page.tsx(70,34): error TS2339: Property 'purchases' does not exist on type '{ status: CourseStatus; id: string; createdAt: Date; updatedAt: Date; userId: string; title: string; description: string; fileKey: string; price: number; duration: number; ... 15 more ...; categoryId: string | null; }'.
app/(public)/courses/[slug]/page.tsx(115,45): error TS2339: Property 'user' does not exist on type '{ status: CourseStatus; id: string; createdAt: Date; updatedAt: Date; userId: string; title: string; description: string; fileKey: string; price: number; duration: number; ... 15 more ...; categoryId: string | null; }'.
app/(public)/courses/[slug]/page.tsx(116,60): error TS2339: Property 'user' does not exist on type '{ status: CourseStatus; id: string; createdAt: Date; updatedAt: Date; userId: string; title: string; description: string; fileKey: string; price: number; duration: number; ... 15 more ...; categoryId: string | null; }'.
app/(public)/courses/[slug]/page.tsx(116,84): error TS2339: Property 'user' does not exist on type '{ status: CourseStatus; id: string; createdAt: Date; updatedAt: Date; userId: string; title: string; description: string; fileKey: string; price: number; duration: number; ... 15 more ...; categoryId: string | null; }'.
app/(public)/courses/[slug]/page.tsx(122,164): error TS2339: Property 'user' does not exist on type '{ status: CourseStatus; id: string; createdAt: Date; updatedAt: Date; userId: string; title: string; description: string; fileKey: string; price: number; duration: number; ... 15 more ...; categoryId: string | null; }'.
app/(public)/courses/[slug]/page.tsx(142,87): error TS2339: Property 'chapters' does not exist on type '{ status: CourseStatus; id: string; createdAt: Date; updatedAt: Date; userId: string; title: string; description: string; fileKey: string; price: number; duration: number; ... 15 more ...; categoryId: string | null; }'.
app/(public)/courses/[slug]/page.tsx(145,37): error TS2339: Property 'chapters' does not exist on type '{ status: CourseStatus; id: string; createdAt: Date; updatedAt: Date; userId: string; title: string; description: string; fileKey: string; price: number; duration: number; ... 15 more ...; categoryId: string | null; }'.
app/(public)/courses/[slug]/page.tsx(150,40): error TS2339: Property 'chapters' does not exist on type '{ status: CourseStatus; id: string; createdAt: Date; updatedAt: Date; userId: string; title: string; description: string; fileKey: string; price: number; duration: number; ... 15 more ...; categoryId: string | null; }'.
app/(public)/courses/[slug]/page.tsx(150,54): error TS7006: Parameter 'chapter' implicitly has an 'any' type.
app/(public)/courses/[slug]/page.tsx(218,92): error TS2339: Property 'chapters' does not exist on type '{ status: CourseStatus; id: string; createdAt: Date; updatedAt: Date; userId: string; title: string; description: string; fileKey: string; price: number; duration: number; ... 15 more ...; categoryId: string | null; }'.
app/(public)/courses/[slug]/page.tsx(237,49): error TS2339: Property 'chapters' does not exist on type '{ status: CourseStatus; id: string; createdAt: Date; updatedAt: Date; userId: string; title: string; description: string; fileKey: string; price: number; duration: number; ... 15 more ...; categoryId: string | null; }'.
app/(public)/live-sessions/actions.ts(84,22): error TS2339: Property 'stripeCustomerId' does not exist on type '{ id: string; name: string; email: string; emailVerified: boolean; createdAt: Date; updatedAt: Date; image?: string | null | undefined; banned: boolean | null | undefined; role?: string | ... 1 more ... | undefined; banReason?: string | ... 1 more ... | undefined; banExpires?: Date | ... 1 more ... | undefined; }'.
app/(public)/live-sessions/actions.ts(201,7): error TS2353: Object literal may only specify known properties, and 'data' does not exist in type 'ApiResponse'.
app/(public)/live-sessions/actions.ts(251,7): error TS2353: Object literal may only specify known properties, and 'data' does not exist in type 'ApiResponse'.
app/actions/analytics.ts(418,7): error TS2561: Object literal may only specify known properties, but 'course' does not exist in type 'EnrollmentWhereInput'. Did you mean to write 'Course'?
app/actions/notifications.ts(136,7): error TS2353: Object literal may only specify known properties, and 'metadata' does not exist in type 'Without<NotificationCreateInput, NotificationUncheckedCreateInput> & NotificationUncheckedCreateInput'.
app/actions/notifications.ts(188,20): error TS2353: Object literal may only specify known properties, and 'teacherProfile' does not exist in type 'TeacherProfileInclude<DefaultArgs>'.
app/actions/notifications.ts(198,45): error TS2551: Property 'teacher' does not exist on type '{ status: SessionStatus; id: string; createdAt: Date; updatedAt: Date; title: string; description: string | null; price: number; duration: number; teacherId: string; ... 5 more ...; notes: string | null; }'. Did you mean 'teacherId'?
app/actions/notifications.ts(198,101): error TS2551: Property 'scheduledTime' does not exist on type '{ status: SessionStatus; id: string; createdAt: Date; updatedAt: Date; title: string; description: string | null; price: number; duration: number; teacherId: string; ... 5 more ...; notes: string | null; }'. Did you mean 'scheduledAt'?
app/actions/notifications.ts(202,45): error TS2551: Property 'teacher' does not exist on type '{ status: SessionStatus; id: string; createdAt: Date; updatedAt: Date; title: string; description: string | null; price: number; duration: number; teacherId: string; ... 5 more ...; notes: string | null; }'. Did you mean 'teacherId'?
app/actions/notifications.ts(206,45): error TS2551: Property 'teacher' does not exist on type '{ status: SessionStatus; id: string; createdAt: Date; updatedAt: Date; title: string; description: string | null; price: number; duration: number; teacherId: string; ... 5 more ...; notes: string | null; }'. Did you mean 'teacherId'?
app/actions/notifications.ts(210,45): error TS2551: Property 'teacher' does not exist on type '{ status: SessionStatus; id: string; createdAt: Date; updatedAt: Date; title: string; description: string | null; price: number; duration: number; teacherId: string; ... 5 more ...; notes: string | null; }'. Did you mean 'teacherId'?
app/actions/notifications.ts(214,45): error TS2551: Property 'teacher' does not exist on type '{ status: SessionStatus; id: string; createdAt: Date; updatedAt: Date; title: string; description: string | null; price: number; duration: number; teacherId: string; ... 5 more ...; notes: string | null; }'. Did you mean 'teacherId'?
app/actions/video-call.ts(18,20): error TS2353: Object literal may only specify known properties, and 'teacherProfile' does not exist in type 'TeacherProfileInclude<DefaultArgs>'.
app/actions/video-call.ts(43,33): error TS2551: Property 'scheduledTime' does not exist on type '{ status: SessionStatus; id: string; createdAt: Date; updatedAt: Date; title: string; description: string | null; price: number; duration: number; teacherId: string; ... 5 more ...; notes: string | null; }'. Did you mean 'scheduledAt'?
app/actions/video-call.ts(72,20): error TS2353: Object literal may only specify known properties, and 'teacherProfile' does not exist in type 'TeacherProfileInclude<DefaultArgs>'.
app/actions/video-call.ts(95,30): error TS2551: Property 'teacher' does not exist on type '{ status: SessionStatus; id: string; createdAt: Date; updatedAt: Date; title: string; description: string | null; price: number; duration: number; teacherId: string; ... 5 more ...; notes: string | null; }'. Did you mean 'teacherId'?
app/actions/video-call.ts(96,30): error TS2551: Property 'student' does not exist on type '{ status: SessionStatus; id: string; createdAt: Date; updatedAt: Date; title: string; description: string | null; price: number; duration: number; teacherId: string; ... 5 more ...; notes: string | null; }'. Did you mean 'studentId'?
app/actions/video-call.ts(97,31): error TS2339: Property 'topic' does not exist on type '{ status: SessionStatus; id: string; createdAt: Date; updatedAt: Date; title: string; description: string | null; price: number; duration: number; teacherId: string; ... 5 more ...; notes: string | null; }'.
app/actions/video-call.ts(98,32): error TS2551: Property 'scheduledTime' does not exist on type '{ status: SessionStatus; id: string; createdAt: Date; updatedAt: Date; title: string; description: string | null; price: number; duration: number; teacherId: string; ... 5 more ...; notes: string | null; }'. Did you mean 'scheduledAt'?
app/admin/courses/[courseId]/edit/actions.ts(39,52): error TS2304: Cannot find name 'user'.
app/admin/courses/[courseId]/edit/actions.ts(59,17): error TS2304: Cannot find name 'user'.
app/admin/courses/create/page.tsx(56,5): error TS2719: Type 'import("C:/Users/rohan/.gemini/antigravity/scratch/KIDOKOOL-LMS-Marketplace/node_modules/.pnpm/react-hook-form@7.56.4_react@19.1.0/node_modules/react-hook-form/dist/types/resolvers").Resolver<{ status: "Draft" | "Published" | "Archived"; title: string; description: string; fileKey: string; price: number; duration: n...' is not assignable to type 'import("C:/Users/rohan/.gemini/antigravity/scratch/KIDOKOOL-LMS-Marketplace/node_modules/.pnpm/react-hook-form@7.56.4_react@19.1.0/node_modules/react-hook-form/dist/types/resolvers").Resolver<{ status: "Draft" | "Published" | "Archived"; title: string; description: string; fileKey: string; price: number; duration: n...'. Two different types with this name exist, but they are unrelated.
  Types of parameters 'options' and 'options' are incompatible.
    Type 'import("C:/Users/rohan/.gemini/antigravity/scratch/KIDOKOOL-LMS-Marketplace/node_modules/.pnpm/react-hook-form@7.56.4_react@19.1.0/node_modules/react-hook-form/dist/types/resolvers").ResolverOptions<{ status: "Draft" | "Published" | "Archived"; title: string; description: string; fileKey: string; price: number; dura...' is not assignable to type 'import("C:/Users/rohan/.gemini/antigravity/scratch/KIDOKOOL-LMS-Marketplace/node_modules/.pnpm/react-hook-form@7.56.4_react@19.1.0/node_modules/react-hook-form/dist/types/resolvers").ResolverOptions<{ status: "Draft" | "Published" | "Archived"; title: string; description: string; fileKey: string; price: number; dura...'. Two different types with this name exist, but they are unrelated.
      Type 'boolean | undefined' is not assignable to type 'boolean'.
        Type 'undefined' is not assignable to type 'boolean'.
app/admin/courses/create/page.tsx(115,69): error TS2345: Argument of type '(values: { status: "Draft" | "Published" | "Archived"; title: string; description: string; fileKey: string; price: number; duration: number; level: "Beginner" | "Intermediate" | "Advanced"; ... 9 more ...; discountExpiry?: Date | undefined; }) => void' is not assignable to parameter of type 'SubmitHandler<TFieldValues>'.
  Types of parameters 'values' and 'data' are incompatible.
    Type 'TFieldValues' is not assignable to type '{ status: "Draft" | "Published" | "Archived"; title: string; description: string; fileKey: string; price: number; duration: number; level: "Beginner" | "Intermediate" | "Advanced"; category: "Business" | ... 12 more ... | "Lifestyle"; ... 8 more ...; discountExpiry?: Date | undefined; }'.
      Type 'FieldValues' is missing the following properties from type '{ status: "Draft" | "Published" | "Archived"; title: string; description: string; fileKey: string; price: number; duration: number; level: "Beginner" | "Intermediate" | "Advanced"; category: "Business" | ... 12 more ... | "Lifestyle"; ... 8 more ...; discountExpiry?: Date | undefined; }': status, title, description, fileKey, and 7 more.
app/admin/courses/create/page.tsx(117,17): error TS2322: Type 'Control<{ status: "Draft" | "Published" | "Archived"; title: string; description: string; fileKey: string; price: number; duration: number; level: "Beginner" | "Intermediate" | "Advanced"; category: "Business" | ... 12 more ... | "Lifestyle"; ... 8 more ...; discountExpiry?: Date | undefined; }, any, TFieldValues>' is not assignable to type 'Control<{ status: "Draft" | "Published" | "Archived"; title: string; description: string; fileKey: string; price: number; duration: number; level: "Beginner" | "Intermediate" | "Advanced"; category: "Business" | ... 12 more ... | "Lifestyle"; ... 8 more ...; discountExpiry?: Date | undefined; }, any, { ...; }>'.
  The types of '_options.resolver' are incompatible between these types.
    Type 'Resolver<{ status: "Draft" | "Published" | "Archived"; title: string; description: string; fileKey: string; price: number; duration: number; level: "Beginner" | "Intermediate" | "Advanced"; ... 9 more ...; discountExpiry?: Date | undefined; }, any, TFieldValues> | undefined' is not assignable to type 'Resolver<{ status: "Draft" | "Published" | "Archived"; title: string; description: string; fileKey: string; price: number; duration: number; level: "Beginner" | "Intermediate" | "Advanced"; ... 9 more ...; discountExpiry?: Date | undefined; }, any, { ...; }> | undefined'.
      Type 'Resolver<{ status: "Draft" | "Published" | "Archived"; title: string; description: string; fileKey: string; price: number; duration: number; level: "Beginner" | "Intermediate" | "Advanced"; category: "Business" | ... 12 more ... | "Lifestyle"; ... 8 more ...; discountExpiry?: Date | undefined; }, any, TFieldValues>' is not assignable to type 'Resolver<{ status: "Draft" | "Published" | "Archived"; title: string; description: string; fileKey: string; price: number; duration: number; level: "Beginner" | "Intermediate" | "Advanced"; category: "Business" | ... 12 more ... | "Lifestyle"; ... 8 more ...; discountExpiry?: Date | undefined; }, any, { ...; }>'.
        Type 'TFieldValues' is not assignable to type '{ status: "Draft" | "Published" | "Archived"; title: string; description: string; fileKey: string; price: number; duration: number; level: "Beginner" | "Intermediate" | "Advanced"; category: "Business" | ... 12 more ... | "Lifestyle"; ... 8 more ...; discountExpiry?: Date | undefined; }'.
          Type 'FieldValues' is missing the following properties from type '{ status: "Draft" | "Published" | "Archived"; title: string; description: string; fileKey: string; price: number; duration: number; level: "Beginner" | "Intermediate" | "Advanced"; category: "Business" | ... 12 more ... | "Lifestyle"; ... 8 more ...; discountExpiry?: Date | undefined; }': status, title, description, fileKey, and 7 more.
app/admin/courses/create/page.tsx(123,24): error TS2322: Type '{ onChange: (...event: any[]) => void; onBlur: Noop; value: string | number | boolean | string[] | Date | undefined; disabled?: boolean | undefined; name: "status" | "title" | "description" | ... 15 more ... | `learningOutcomes.${number}`; ref: RefCallBack; placeholder: string; }' is not assignable to type 'InputHTMLAttributes<HTMLInputElement>'.
  Types of property 'value' are incompatible.
    Type 'string | number | boolean | string[] | Date | undefined' is not assignable to type 'string | number | readonly string[] | undefined'.
      Type 'false' is not assignable to type 'string | number | readonly string[] | undefined'.
app/admin/courses/create/page.tsx(132,19): error TS2322: Type 'Control<{ status: "Draft" | "Published" | "Archived"; title: string; description: string; fileKey: string; price: number; duration: number; level: "Beginner" | "Intermediate" | "Advanced"; category: "Business" | ... 12 more ... | "Lifestyle"; ... 8 more ...; discountExpiry?: Date | undefined; }, any, TFieldValues>' is not assignable to type 'Control<{ status: "Draft" | "Published" | "Archived"; title: string; description: string; fileKey: string; price: number; duration: number; level: "Beginner" | "Intermediate" | "Advanced"; category: "Business" | ... 12 more ... | "Lifestyle"; ... 8 more ...; discountExpiry?: Date | undefined; }, any, { ...; }>'.
  The types of '_options.resolver' are incompatible between these types.
    Type 'Resolver<{ status: "Draft" | "Published" | "Archived"; title: string; description: string; fileKey: string; price: number; duration: number; level: "Beginner" | "Intermediate" | "Advanced"; ... 9 more ...; discountExpiry?: Date | undefined; }, any, TFieldValues> | undefined' is not assignable to type 'Resolver<{ status: "Draft" | "Published" | "Archived"; title: string; description: string; fileKey: string; price: number; duration: number; level: "Beginner" | "Intermediate" | "Advanced"; ... 9 more ...; discountExpiry?: Date | undefined; }, any, { ...; }> | undefined'.
      Type 'Resolver<{ status: "Draft" | "Published" | "Archived"; title: string; description: string; fileKey: string; price: number; duration: number; level: "Beginner" | "Intermediate" | "Advanced"; category: "Business" | ... 12 more ... | "Lifestyle"; ... 8 more ...; discountExpiry?: Date | undefined; }, any, TFieldValues>' is not assignable to type 'Resolver<{ status: "Draft" | "Published" | "Archived"; title: string; description: string; fileKey: string; price: number; duration: number; level: "Beginner" | "Intermediate" | "Advanced"; category: "Business" | ... 12 more ... | "Lifestyle"; ... 8 more ...; discountExpiry?: Date | undefined; }, any, { ...; }>'.
        Type 'TFieldValues' is not assignable to type '{ status: "Draft" | "Published" | "Archived"; title: string; description: string; fileKey: string; price: number; duration: number; level: "Beginner" | "Intermediate" | "Advanced"; category: "Business" | ... 12 more ... | "Lifestyle"; ... 8 more ...; discountExpiry?: Date | undefined; }'.
          Type 'FieldValues' is missing the following properties from type '{ status: "Draft" | "Published" | "Archived"; title: string; description: string; fileKey: string; price: number; duration: number; level: "Beginner" | "Intermediate" | "Advanced"; category: "Business" | ... 12 more ... | "Lifestyle"; ... 8 more ...; discountExpiry?: Date | undefined; }': status, title, description, fileKey, and 7 more.
app/admin/courses/create/page.tsx(161,17): error TS2322: Type 'Control<{ status: "Draft" | "Published" | "Archived"; title: string; description: string; fileKey: string; price: number; duration: number; level: "Beginner" | "Intermediate" | "Advanced"; category: "Business" | ... 12 more ... | "Lifestyle"; ... 8 more ...; discountExpiry?: Date | undefined; }, any, TFieldValues>' is not assignable to type 'Control<{ status: "Draft" | "Published" | "Archived"; title: string; description: string; fileKey: string; price: number; duration: number; level: "Beginner" | "Intermediate" | "Advanced"; category: "Business" | ... 12 more ... | "Lifestyle"; ... 8 more ...; discountExpiry?: Date | undefined; }, any, { ...; }>'.
  The types of '_options.resolver' are incompatible between these types.
    Type 'Resolver<{ status: "Draft" | "Published" | "Archived"; title: string; description: string; fileKey: string; price: number; duration: number; level: "Beginner" | "Intermediate" | "Advanced"; ... 9 more ...; discountExpiry?: Date | undefined; }, any, TFieldValues> | undefined' is not assignable to type 'Resolver<{ status: "Draft" | "Published" | "Archived"; title: string; description: string; fileKey: string; price: number; duration: number; level: "Beginner" | "Intermediate" | "Advanced"; ... 9 more ...; discountExpiry?: Date | undefined; }, any, { ...; }> | undefined'.
      Type 'Resolver<{ status: "Draft" | "Published" | "Archived"; title: string; description: string; fileKey: string; price: number; duration: number; level: "Beginner" | "Intermediate" | "Advanced"; category: "Business" | ... 12 more ... | "Lifestyle"; ... 8 more ...; discountExpiry?: Date | undefined; }, any, TFieldValues>' is not assignable to type 'Resolver<{ status: "Draft" | "Published" | "Archived"; title: string; description: string; fileKey: string; price: number; duration: number; level: "Beginner" | "Intermediate" | "Advanced"; category: "Business" | ... 12 more ... | "Lifestyle"; ... 8 more ...; discountExpiry?: Date | undefined; }, any, { ...; }>'.
        Type 'TFieldValues' is not assignable to type '{ status: "Draft" | "Published" | "Archived"; title: string; description: string; fileKey: string; price: number; duration: number; level: "Beginner" | "Intermediate" | "Advanced"; category: "Business" | ... 12 more ... | "Lifestyle"; ... 8 more ...; discountExpiry?: Date | undefined; }'.
          Type 'FieldValues' is missing the following properties from type '{ status: "Draft" | "Published" | "Archived"; title: string; description: string; fileKey: string; price: number; duration: number; level: "Beginner" | "Intermediate" | "Advanced"; category: "Business" | ... 12 more ... | "Lifestyle"; ... 8 more ...; discountExpiry?: Date | undefined; }': status, title, description, fileKey, and 7 more.
app/admin/courses/create/page.tsx(179,17): error TS2322: Type 'Control<{ status: "Draft" | "Published" | "Archived"; title: string; description: string; fileKey: string; price: number; duration: number; level: "Beginner" | "Intermediate" | "Advanced"; category: "Business" | ... 12 more ... | "Lifestyle"; ... 8 more ...; discountExpiry?: Date | undefined; }, any, TFieldValues>' is not assignable to type 'Control<{ status: "Draft" | "Published" | "Archived"; title: string; description: string; fileKey: string; price: number; duration: number; level: "Beginner" | "Intermediate" | "Advanced"; category: "Business" | ... 12 more ... | "Lifestyle"; ... 8 more ...; discountExpiry?: Date | undefined; }, any, { ...; }>'.
  The types of '_options.resolver' are incompatible between these types.
    Type 'Resolver<{ status: "Draft" | "Published" | "Archived"; title: string; description: string; fileKey: string; price: number; duration: number; level: "Beginner" | "Intermediate" | "Advanced"; ... 9 more ...; discountExpiry?: Date | undefined; }, any, TFieldValues> | undefined' is not assignable to type 'Resolver<{ status: "Draft" | "Published" | "Archived"; title: string; description: string; fileKey: string; price: number; duration: number; level: "Beginner" | "Intermediate" | "Advanced"; ... 9 more ...; discountExpiry?: Date | undefined; }, any, { ...; }> | undefined'.
      Type 'Resolver<{ status: "Draft" | "Published" | "Archived"; title: string; description: string; fileKey: string; price: number; duration: number; level: "Beginner" | "Intermediate" | "Advanced"; category: "Business" | ... 12 more ... | "Lifestyle"; ... 8 more ...; discountExpiry?: Date | undefined; }, any, TFieldValues>' is not assignable to type 'Resolver<{ status: "Draft" | "Published" | "Archived"; title: string; description: string; fileKey: string; price: number; duration: number; level: "Beginner" | "Intermediate" | "Advanced"; category: "Business" | ... 12 more ... | "Lifestyle"; ... 8 more ...; discountExpiry?: Date | undefined; }, any, { ...; }>'.
        Type 'TFieldValues' is not assignable to type '{ status: "Draft" | "Published" | "Archived"; title: string; description: string; fileKey: string; price: number; duration: number; level: "Beginner" | "Intermediate" | "Advanced"; category: "Business" | ... 12 more ... | "Lifestyle"; ... 8 more ...; discountExpiry?: Date | undefined; }'.
          Type 'FieldValues' is missing the following properties from type '{ status: "Draft" | "Published" | "Archived"; title: string; description: string; fileKey: string; price: number; duration: number; level: "Beginner" | "Intermediate" | "Advanced"; category: "Business" | ... 12 more ... | "Lifestyle"; ... 8 more ...; discountExpiry?: Date | undefined; }': status, title, description, fileKey, and 7 more.
app/admin/courses/create/page.tsx(193,17): error TS2322: Type 'Control<{ status: "Draft" | "Published" | "Archived"; title: string; description: string; fileKey: string; price: number; duration: number; level: "Beginner" | "Intermediate" | "Advanced"; category: "Business" | ... 12 more ... | "Lifestyle"; ... 8 more ...; discountExpiry?: Date | undefined; }, any, TFieldValues>' is not assignable to type 'Control<{ status: "Draft" | "Published" | "Archived"; title: string; description: string; fileKey: string; price: number; duration: number; level: "Beginner" | "Intermediate" | "Advanced"; category: "Business" | ... 12 more ... | "Lifestyle"; ... 8 more ...; discountExpiry?: Date | undefined; }, any, { ...; }>'.
  The types of '_options.resolver' are incompatible between these types.
    Type 'Resolver<{ status: "Draft" | "Published" | "Archived"; title: string; description: string; fileKey: string; price: number; duration: number; level: "Beginner" | "Intermediate" | "Advanced"; ... 9 more ...; discountExpiry?: Date | undefined; }, any, TFieldValues> | undefined' is not assignable to type 'Resolver<{ status: "Draft" | "Published" | "Archived"; title: string; description: string; fileKey: string; price: number; duration: number; level: "Beginner" | "Intermediate" | "Advanced"; ... 9 more ...; discountExpiry?: Date | undefined; }, any, { ...; }> | undefined'.
      Type 'Resolver<{ status: "Draft" | "Published" | "Archived"; title: string; description: string; fileKey: string; price: number; duration: number; level: "Beginner" | "Intermediate" | "Advanced"; category: "Business" | ... 12 more ... | "Lifestyle"; ... 8 more ...; discountExpiry?: Date | undefined; }, any, TFieldValues>' is not assignable to type 'Resolver<{ status: "Draft" | "Published" | "Archived"; title: string; description: string; fileKey: string; price: number; duration: number; level: "Beginner" | "Intermediate" | "Advanced"; category: "Business" | ... 12 more ... | "Lifestyle"; ... 8 more ...; discountExpiry?: Date | undefined; }, any, { ...; }>'.
        Type 'TFieldValues' is not assignable to type '{ status: "Draft" | "Published" | "Archived"; title: string; description: string; fileKey: string; price: number; duration: number; level: "Beginner" | "Intermediate" | "Advanced"; category: "Business" | ... 12 more ... | "Lifestyle"; ... 8 more ...; discountExpiry?: Date | undefined; }'.
          Type 'FieldValues' is missing the following properties from type '{ status: "Draft" | "Published" | "Archived"; title: string; description: string; fileKey: string; price: number; duration: number; level: "Beginner" | "Intermediate" | "Advanced"; category: "Business" | ... 12 more ... | "Lifestyle"; ... 8 more ...; discountExpiry?: Date | undefined; }': status, title, description, fileKey, and 7 more.
app/admin/courses/create/page.tsx(202,25): error TS2322: Type 'string | number | boolean | string[] | Date | undefined' is not assignable to type 'string | undefined'.
  Type 'number' is not assignable to type 'string'.
app/admin/courses/create/page.tsx(212,19): error TS2322: Type 'Control<{ status: "Draft" | "Published" | "Archived"; title: string; description: string; fileKey: string; price: number; duration: number; level: "Beginner" | "Intermediate" | "Advanced"; category: "Business" | ... 12 more ... | "Lifestyle"; ... 8 more ...; discountExpiry?: Date | undefined; }, any, TFieldValues>' is not assignable to type 'Control<{ status: "Draft" | "Published" | "Archived"; title: string; description: string; fileKey: string; price: number; duration: number; level: "Beginner" | "Intermediate" | "Advanced"; category: "Business" | ... 12 more ... | "Lifestyle"; ... 8 more ...; discountExpiry?: Date | undefined; }, any, { ...; }>'.
  The types of '_options.resolver' are incompatible between these types.
    Type 'Resolver<{ status: "Draft" | "Published" | "Archived"; title: string; description: string; fileKey: string; price: number; duration: number; level: "Beginner" | "Intermediate" | "Advanced"; ... 9 more ...; discountExpiry?: Date | undefined; }, any, TFieldValues> | undefined' is not assignable to type 'Resolver<{ status: "Draft" | "Published" | "Archived"; title: string; description: string; fileKey: string; price: number; duration: number; level: "Beginner" | "Intermediate" | "Advanced"; ... 9 more ...; discountExpiry?: Date | undefined; }, any, { ...; }> | undefined'.
      Type 'Resolver<{ status: "Draft" | "Published" | "Archived"; title: string; description: string; fileKey: string; price: number; duration: number; level: "Beginner" | "Intermediate" | "Advanced"; category: "Business" | ... 12 more ... | "Lifestyle"; ... 8 more ...; discountExpiry?: Date | undefined; }, any, TFieldValues>' is not assignable to type 'Resolver<{ status: "Draft" | "Published" | "Archived"; title: string; description: string; fileKey: string; price: number; duration: number; level: "Beginner" | "Intermediate" | "Advanced"; category: "Business" | ... 12 more ... | "Lifestyle"; ... 8 more ...; discountExpiry?: Date | undefined; }, any, { ...; }>'.
        Type 'TFieldValues' is not assignable to type '{ status: "Draft" | "Published" | "Archived"; title: string; description: string; fileKey: string; price: number; duration: number; level: "Beginner" | "Intermediate" | "Advanced"; category: "Business" | ... 12 more ... | "Lifestyle"; ... 8 more ...; discountExpiry?: Date | undefined; }'.
          Type 'FieldValues' is missing the following properties from type '{ status: "Draft" | "Published" | "Archived"; title: string; description: string; fileKey: string; price: number; duration: number; level: "Beginner" | "Intermediate" | "Advanced"; category: "Business" | ... 12 more ... | "Lifestyle"; ... 8 more ...; discountExpiry?: Date | undefined; }': status, title, description, fileKey, and 7 more.
app/admin/courses/create/page.tsx(219,25): error TS2322: Type 'string | number | boolean | string[] | Date | undefined' is not assignable to type 'string | undefined'.
  Type 'number' is not assignable to type 'string'.
app/admin/courses/create/page.tsx(241,19): error TS2322: Type 'Control<{ status: "Draft" | "Published" | "Archived"; title: string; description: string; fileKey: string; price: number; duration: number; level: "Beginner" | "Intermediate" | "Advanced"; category: "Business" | ... 12 more ... | "Lifestyle"; ... 8 more ...; discountExpiry?: Date | undefined; }, any, TFieldValues>' is not assignable to type 'Control<{ status: "Draft" | "Published" | "Archived"; title: string; description: string; fileKey: string; price: number; duration: number; level: "Beginner" | "Intermediate" | "Advanced"; category: "Business" | ... 12 more ... | "Lifestyle"; ... 8 more ...; discountExpiry?: Date | undefined; }, any, { ...; }>'.
  The types of '_options.resolver' are incompatible between these types.
    Type 'Resolver<{ status: "Draft" | "Published" | "Archived"; title: string; description: string; fileKey: string; price: number; duration: number; level: "Beginner" | "Intermediate" | "Advanced"; ... 9 more ...; discountExpiry?: Date | undefined; }, any, TFieldValues> | undefined' is not assignable to type 'Resolver<{ status: "Draft" | "Published" | "Archived"; title: string; description: string; fileKey: string; price: number; duration: number; level: "Beginner" | "Intermediate" | "Advanced"; ... 9 more ...; discountExpiry?: Date | undefined; }, any, { ...; }> | undefined'.
      Type 'Resolver<{ status: "Draft" | "Published" | "Archived"; title: string; description: string; fileKey: string; price: number; duration: number; level: "Beginner" | "Intermediate" | "Advanced"; category: "Business" | ... 12 more ... | "Lifestyle"; ... 8 more ...; discountExpiry?: Date | undefined; }, any, TFieldValues>' is not assignable to type 'Resolver<{ status: "Draft" | "Published" | "Archived"; title: string; description: string; fileKey: string; price: number; duration: number; level: "Beginner" | "Intermediate" | "Advanced"; category: "Business" | ... 12 more ... | "Lifestyle"; ... 8 more ...; discountExpiry?: Date | undefined; }, any, { ...; }>'.
        Type 'TFieldValues' is not assignable to type '{ status: "Draft" | "Published" | "Archived"; title: string; description: string; fileKey: string; price: number; duration: number; level: "Beginner" | "Intermediate" | "Advanced"; category: "Business" | ... 12 more ... | "Lifestyle"; ... 8 more ...; discountExpiry?: Date | undefined; }'.
          Type 'FieldValues' is missing the following properties from type '{ status: "Draft" | "Published" | "Archived"; title: string; description: string; fileKey: string; price: number; duration: number; level: "Beginner" | "Intermediate" | "Advanced"; category: "Business" | ... 12 more ... | "Lifestyle"; ... 8 more ...; discountExpiry?: Date | undefined; }': status, title, description, fileKey, and 7 more.
app/admin/courses/create/page.tsx(248,25): error TS2322: Type 'string | number | boolean | string[] | Date | undefined' is not assignable to type 'string | undefined'.
  Type 'number' is not assignable to type 'string'.
app/admin/courses/create/page.tsx(270,19): error TS2322: Type 'Control<{ status: "Draft" | "Published" | "Archived"; title: string; description: string; fileKey: string; price: number; duration: number; level: "Beginner" | "Intermediate" | "Advanced"; category: "Business" | ... 12 more ... | "Lifestyle"; ... 8 more ...; discountExpiry?: Date | undefined; }, any, TFieldValues>' is not assignable to type 'Control<{ status: "Draft" | "Published" | "Archived"; title: string; description: string; fileKey: string; price: number; duration: number; level: "Beginner" | "Intermediate" | "Advanced"; category: "Business" | ... 12 more ... | "Lifestyle"; ... 8 more ...; discountExpiry?: Date | undefined; }, any, { ...; }>'.
  The types of '_options.resolver' are incompatible between these types.
    Type 'Resolver<{ status: "Draft" | "Published" | "Archived"; title: string; description: string; fileKey: string; price: number; duration: number; level: "Beginner" | "Intermediate" | "Advanced"; ... 9 more ...; discountExpiry?: Date | undefined; }, any, TFieldValues> | undefined' is not assignable to type 'Resolver<{ status: "Draft" | "Published" | "Archived"; title: string; description: string; fileKey: string; price: number; duration: number; level: "Beginner" | "Intermediate" | "Advanced"; ... 9 more ...; discountExpiry?: Date | undefined; }, any, { ...; }> | undefined'.
      Type 'Resolver<{ status: "Draft" | "Published" | "Archived"; title: string; description: string; fileKey: string; price: number; duration: number; level: "Beginner" | "Intermediate" | "Advanced"; category: "Business" | ... 12 more ... | "Lifestyle"; ... 8 more ...; discountExpiry?: Date | undefined; }, any, TFieldValues>' is not assignable to type 'Resolver<{ status: "Draft" | "Published" | "Archived"; title: string; description: string; fileKey: string; price: number; duration: number; level: "Beginner" | "Intermediate" | "Advanced"; category: "Business" | ... 12 more ... | "Lifestyle"; ... 8 more ...; discountExpiry?: Date | undefined; }, any, { ...; }>'.
        Type 'TFieldValues' is not assignable to type '{ status: "Draft" | "Published" | "Archived"; title: string; description: string; fileKey: string; price: number; duration: number; level: "Beginner" | "Intermediate" | "Advanced"; category: "Business" | ... 12 more ... | "Lifestyle"; ... 8 more ...; discountExpiry?: Date | undefined; }'.
          Type 'FieldValues' is missing the following properties from type '{ status: "Draft" | "Published" | "Archived"; title: string; description: string; fileKey: string; price: number; duration: number; level: "Beginner" | "Intermediate" | "Advanced"; category: "Business" | ... 12 more ... | "Lifestyle"; ... 8 more ...; discountExpiry?: Date | undefined; }': status, title, description, fileKey, and 7 more.
app/admin/courses/create/page.tsx(276,26): error TS2322: Type '{ onChange: (...event: any[]) => void; onBlur: Noop; value: string | number | boolean | string[] | Date | undefined; disabled?: boolean | undefined; name: "status" | "title" | "description" | ... 15 more ... | `learningOutcomes.${number}`; ref: RefCallBack; placeholder: string; type: "number"; }' is not assignable to type 'InputHTMLAttributes<HTMLInputElement>'.
  Types of property 'value' are incompatible.
    Type 'string | number | boolean | string[] | Date | undefined' is not assignable to type 'string | number | readonly string[] | undefined'.
      Type 'false' is not assignable to type 'string | number | readonly string[] | undefined'.
app/admin/courses/create/page.tsx(288,19): error TS2322: Type 'Control<{ status: "Draft" | "Published" | "Archived"; title: string; description: string; fileKey: string; price: number; duration: number; level: "Beginner" | "Intermediate" | "Advanced"; category: "Business" | ... 12 more ... | "Lifestyle"; ... 8 more ...; discountExpiry?: Date | undefined; }, any, TFieldValues>' is not assignable to type 'Control<{ status: "Draft" | "Published" | "Archived"; title: string; description: string; fileKey: string; price: number; duration: number; level: "Beginner" | "Intermediate" | "Advanced"; category: "Business" | ... 12 more ... | "Lifestyle"; ... 8 more ...; discountExpiry?: Date | undefined; }, any, { ...; }>'.
  The types of '_options.resolver' are incompatible between these types.
    Type 'Resolver<{ status: "Draft" | "Published" | "Archived"; title: string; description: string; fileKey: string; price: number; duration: number; level: "Beginner" | "Intermediate" | "Advanced"; ... 9 more ...; discountExpiry?: Date | undefined; }, any, TFieldValues> | undefined' is not assignable to type 'Resolver<{ status: "Draft" | "Published" | "Archived"; title: string; description: string; fileKey: string; price: number; duration: number; level: "Beginner" | "Intermediate" | "Advanced"; ... 9 more ...; discountExpiry?: Date | undefined; }, any, { ...; }> | undefined'.
      Type 'Resolver<{ status: "Draft" | "Published" | "Archived"; title: string; description: string; fileKey: string; price: number; duration: number; level: "Beginner" | "Intermediate" | "Advanced"; category: "Business" | ... 12 more ... | "Lifestyle"; ... 8 more ...; discountExpiry?: Date | undefined; }, any, TFieldValues>' is not assignable to type 'Resolver<{ status: "Draft" | "Published" | "Archived"; title: string; description: string; fileKey: string; price: number; duration: number; level: "Beginner" | "Intermediate" | "Advanced"; category: "Business" | ... 12 more ... | "Lifestyle"; ... 8 more ...; discountExpiry?: Date | undefined; }, any, { ...; }>'.
        Type 'TFieldValues' is not assignable to type '{ status: "Draft" | "Published" | "Archived"; title: string; description: string; fileKey: string; price: number; duration: number; level: "Beginner" | "Intermediate" | "Advanced"; category: "Business" | ... 12 more ... | "Lifestyle"; ... 8 more ...; discountExpiry?: Date | undefined; }'.
          Type 'FieldValues' is missing the following properties from type '{ status: "Draft" | "Published" | "Archived"; title: string; description: string; fileKey: string; price: number; duration: number; level: "Beginner" | "Intermediate" | "Advanced"; category: "Business" | ... 12 more ... | "Lifestyle"; ... 8 more ...; discountExpiry?: Date | undefined; }': status, title, description, fileKey, and 7 more.
app/admin/courses/create/page.tsx(294,26): error TS2322: Type '{ onChange: (...event: any[]) => void; onBlur: Noop; value: string | number | boolean | string[] | Date | undefined; disabled?: boolean | undefined; name: "status" | "title" | "description" | ... 15 more ... | `learningOutcomes.${number}`; ref: RefCallBack; placeholder: string; type: "number"; }' is not assignable to type 'InputHTMLAttributes<HTMLInputElement>'.
  Types of property 'value' are incompatible.
    Type 'string | number | boolean | string[] | Date | undefined' is not assignable to type 'string | number | readonly string[] | undefined'.
      Type 'false' is not assignable to type 'string | number | readonly string[] | undefined'.
app/admin/courses/create/page.tsx(303,17): error TS2322: Type 'Control<{ status: "Draft" | "Published" | "Archived"; title: string; description: string; fileKey: string; price: number; duration: number; level: "Beginner" | "Intermediate" | "Advanced"; category: "Business" | ... 12 more ... | "Lifestyle"; ... 8 more ...; discountExpiry?: Date | undefined; }, any, TFieldValues>' is not assignable to type 'Control<{ status: "Draft" | "Published" | "Archived"; title: string; description: string; fileKey: string; price: number; duration: number; level: "Beginner" | "Intermediate" | "Advanced"; category: "Business" | ... 12 more ... | "Lifestyle"; ... 8 more ...; discountExpiry?: Date | undefined; }, any, { ...; }>'.
  The types of '_options.resolver' are incompatible between these types.
    Type 'Resolver<{ status: "Draft" | "Published" | "Archived"; title: string; description: string; fileKey: string; price: number; duration: number; level: "Beginner" | "Intermediate" | "Advanced"; ... 9 more ...; discountExpiry?: Date | undefined; }, any, TFieldValues> | undefined' is not assignable to type 'Resolver<{ status: "Draft" | "Published" | "Archived"; title: string; description: string; fileKey: string; price: number; duration: number; level: "Beginner" | "Intermediate" | "Advanced"; ... 9 more ...; discountExpiry?: Date | undefined; }, any, { ...; }> | undefined'.
      Type 'Resolver<{ status: "Draft" | "Published" | "Archived"; title: string; description: string; fileKey: string; price: number; duration: number; level: "Beginner" | "Intermediate" | "Advanced"; category: "Business" | ... 12 more ... | "Lifestyle"; ... 8 more ...; discountExpiry?: Date | undefined; }, any, TFieldValues>' is not assignable to type 'Resolver<{ status: "Draft" | "Published" | "Archived"; title: string; description: string; fileKey: string; price: number; duration: number; level: "Beginner" | "Intermediate" | "Advanced"; category: "Business" | ... 12 more ... | "Lifestyle"; ... 8 more ...; discountExpiry?: Date | undefined; }, any, { ...; }>'.
        Type 'TFieldValues' is not assignable to type '{ status: "Draft" | "Published" | "Archived"; title: string; description: string; fileKey: string; price: number; duration: number; level: "Beginner" | "Intermediate" | "Advanced"; category: "Business" | ... 12 more ... | "Lifestyle"; ... 8 more ...; discountExpiry?: Date | undefined; }'.
          Type 'FieldValues' is missing the following properties from type '{ status: "Draft" | "Published" | "Archived"; title: string; description: string; fileKey: string; price: number; duration: number; level: "Beginner" | "Intermediate" | "Advanced"; category: "Business" | ... 12 more ... | "Lifestyle"; ... 8 more ...; discountExpiry?: Date | undefined; }': status, title, description, fileKey, and 7 more.
app/admin/courses/create/page.tsx(310,23): error TS2322: Type 'string | number | boolean | string[] | Date | undefined' is not assignable to type 'string | undefined'.
  Type 'number' is not assignable to type 'string'.
app/api/checkout/route.ts(9,5): error TS2322: Type '"2024-12-18.acacia"' is not assignable to type '"2025-05-28.basil"'.
app/api/checkout/route.ts(33,17): error TS2561: Object literal may only specify known properties, but 'chapters' does not exist in type 'CourseInclude<DefaultArgs>'. Did you mean to write 'chapter'?
app/api/checkout/route.ts(47,39): error TS2339: Property 'purchase' does not exist on type 'PrismaClient<PrismaClientOptions, never, DefaultArgs>'.
app/api/checkout/route.ts(76,43): error TS2339: Property 'stripeCustomer' does not exist on type 'PrismaClient<PrismaClientOptions, never, DefaultArgs>'.
app/api/checkout/route.ts(90,43): error TS2339: Property 'stripeCustomer' does not exist on type 'PrismaClient<PrismaClientOptions, never, DefaultArgs>'.
app/api/public/courses/route.ts(9,9): error TS2820: Type '"PUBLISHED"' is not assignable to type 'CourseStatus | EnumCourseStatusFilter<"Course"> | undefined'. Did you mean '"Published"'?
app/api/public/courses/route.ts(12,13): error TS2353: Object literal may only specify known properties, and 'totalEnrollments' does not exist in type 'CourseWhereInput'.
app/api/public/courses/route.ts(13,13): error TS2353: Object literal may only specify known properties, and 'avgRating' does not exist in type 'CourseWhereInput'.
app/api/public/courses/route.ts(33,13): error TS2561: Object literal may only specify known properties, but 'enrollments' does not exist in type 'CourseCountOutputTypeSelect<DefaultArgs>'. Did you mean to write 'enrollment'?
app/api/public/courses/route.ts(40,11): error TS2353: Object literal may only specify known properties, and 'avgRating' does not exist in type 'CourseOrderByWithRelationInput'.
app/api/public/courses/route.ts(41,11): error TS2353: Object literal may only specify known properties, and 'totalEnrollments' does not exist in type 'CourseOrderByWithRelationInput'.
app/api/public/courses/route.ts(51,9): error TS2820: Type '"PUBLISHED"' is not assignable to type 'CourseStatus | EnumCourseStatusFilter<"Course"> | undefined'. Did you mean '"Published"'?
app/api/public/courses/route.ts(66,9): error TS2820: Type '"PUBLISHED"' is not assignable to type 'CourseStatus | EnumCourseStatusFilter<"Course"> | undefined'. Did you mean '"Published"'?
app/api/public/courses/route.ts(95,16): error TS18048: 'cat._count' is possibly 'undefined'.
app/api/public/courses/route.ts(95,27): error TS2339: Property 'id' does not exist on type 'true | { id?: number | undefined; title?: number | undefined; description?: number | undefined; fileKey?: number | undefined; price?: number | undefined; duration?: number | undefined; ... 20 more ...; _all?: number | undefined; }'.
  Property 'id' does not exist on type 'true'.
app/api/public/courses/route.ts(98,23): error TS18048: 'stats._count' is possibly 'undefined'.
app/api/public/courses/route.ts(98,36): error TS2339: Property 'id' does not exist on type 'true | { id?: number | undefined; title?: number | undefined; description?: number | undefined; fileKey?: number | undefined; price?: number | undefined; duration?: number | undefined; ... 20 more ...; _all?: number | undefined; }'.
  Property 'id' does not exist on type 'true'.
app/api/quiz/[id]/analytics/route.ts(174,48): error TS2339: Property 'timeTaken' does not exist on type '{ user: { id: string; name: string; email: string; }; responses: { id: string; createdAt: Date; updatedAt: Date; attemptId: string; questionId: string; answer: JsonValue; isCorrect: boolean; pointsAwarded: number; timeTaken: number | null; feedback: string | null; }[]; } & { ...; }'.
app/api/quiz/[id]/analytics/route.ts(212,14): error TS7006: Parameter 'a' implicitly has an 'any' type.
app/api/quiz/[id]/analytics/route.ts(212,17): error TS7006: Parameter 'b' implicitly has an 'any' type.
app/api/quiz/[id]/analytics/route.ts(255,29): error TS18046: 'b' is of type 'unknown'.
app/api/quiz/[id]/analytics/route.ts(255,33): error TS18046: 'a' is of type 'unknown'.
app/api/quiz/[id]/analytics/route.ts(260,31): error TS18046: 'count' is of type 'unknown'.
app/api/quiz/[id]/route.ts(54,27): error TS2339: Property 'id' does not exist on type 'Promise<{ id: string; }>'.
app/api/quiz/[id]/route.ts(242,27): error TS2339: Property 'id' does not exist on type 'Promise<{ id: string; }>'.
app/api/quiz/[id]/route.ts(270,16): error TS18004: No value exists in scope for the shorthand property 'id'. Either declare one or provide an initializer.
app/api/recommendations/route.ts(77,59): error TS2345: Argument of type '{ userId: string; currentCourse: string | null; recentActivity: { type: any; courseId: string | undefined; category: string | undefined; timestamp: Date; }[]; completedCourses: string[]; enrolledCourses: string[]; searchHistory: string[]; preferences: { ...; }; }' is not assignable to parameter of type 'RecommendationContext'.
  Types of property 'currentCourse' are incompatible.
    Type 'string | null' is not assignable to type 'string | undefined'.
      Type 'null' is not assignable to type 'string | undefined'.
app/api/teacher/register/route.ts(44,9): error TS2353: Object literal may only specify known properties, and 'role' does not exist in type '{ name: string; email: string; password: string; callbackURL?: string | undefined; } | ({ name: string; email: string; password: string; callbackURL?: string | undefined; } & {} & {})'.
app/api/whiteboard/[id]/elements/route.ts(56,60): error TS2345: Argument of type 'string | null | undefined' is not assignable to parameter of type 'string'.
  Type 'undefined' is not assignable to type 'string'.
app/api/whiteboard/[id]/elements/route.ts(70,11): error TS2353: Object literal may only specify known properties, and 'zIndex' does not exist in type 'WhiteboardElementOrderByWithRelationInput'.
app/api/whiteboard/[id]/elements/route.ts(129,53): error TS2367: This comparison appears to be unintentional because the types '"Moderator" | "Collaborator" | "Viewer"' and '"Editor"' have no overlap.
app/api/whiteboard/[id]/elements/route.ts(156,7): error TS2322: Type '{ whiteboardId: string; createdById: string; type: "PEN" | "SHAPE" | "TEXT" | "STICKY_NOTE" | "IMAGE" | "LINE" | "ARROW"; data: Record<string, any>; x: number; y: number; strokeWidth: number; ... 6 more ...; fillColor?: string | undefined; }' is not assignable to type '(Without<WhiteboardElementCreateInput, WhiteboardElementUncheckedCreateInput> & WhiteboardElementUncheckedCreateInput) | (Without<...> & WhiteboardElementCreateInput)'.
  Type '{ whiteboardId: string; createdById: string; type: "PEN" | "SHAPE" | "TEXT" | "STICKY_NOTE" | "IMAGE" | "LINE" | "ARROW"; data: Record<string, any>; x: number; y: number; strokeWidth: number; ... 6 more ...; fillColor?: string | undefined; }' is not assignable to type 'Without<WhiteboardElementCreateInput, WhiteboardElementUncheckedCreateInput> & WhiteboardElementUncheckedCreateInput'.
    Property 'elementId' is missing in type '{ whiteboardId: string; createdById: string; type: "PEN" | "SHAPE" | "TEXT" | "STICKY_NOTE" | "IMAGE" | "LINE" | "ARROW"; data: Record<string, any>; x: number; y: number; strokeWidth: number; ... 6 more ...; fillColor?: string | undefined; }' but required in type 'WhiteboardElementUncheckedCreateInput'.
app/api/whiteboard/[id]/participants/route.ts(51,60): error TS2345: Argument of type 'string | null | undefined' is not assignable to parameter of type 'string'.
  Type 'undefined' is not assignable to type 'string'.
app/api/whiteboard/[id]/participants/route.ts(108,60): error TS2345: Argument of type 'string | null | undefined' is not assignable to parameter of type 'string'.
  Type 'undefined' is not assignable to type 'string'.
app/api/whiteboard/[id]/participants/route.ts(153,9): error TS2322: Type '"Owner" | "Viewer" | "Editor"' is not assignable to type 'ParticipantRole | undefined'.
  Type '"Editor"' is not assignable to type 'ParticipantRole | undefined'.
app/api/whiteboard/[id]/route.ts(69,60): error TS2345: Argument of type 'string | null | undefined' is not assignable to parameter of type 'string'.
  Type 'undefined' is not assignable to type 'string'.
app/api/whiteboard/[id]/route.ts(115,60): error TS2345: Argument of type 'string | null | undefined' is not assignable to parameter of type 'string'.
  Type 'undefined' is not assignable to type 'string'.
